<?xml version="1.0" encoding="UTF-8"?>
<!-- Generated by org.testng.reporters.JUnitXMLReporter -->
<testsuite ignored="0" hostname="DESKTOP-I3BGM4H" failures="0" tests="2" name="Test" time="13.768" errors="0" timestamp="2023-12-31T12:35:44 IST">
  <testcase classname="com.testautomation.apitesting.tests.AllureReportGeneration" name="e2eAPIRequest" time="11.134"/>
  <testcase classname="com.testautomation.apitesting.tests.AllureReportGeneration" name="e2eAPITest2" time="2.351"/>
</testsuite> <!-- Test -->
