<?xml version="1.0" encoding="UTF-8"?>
<testng-results ignored="0" total="1" passed="1" failed="0" skipped="0">
  <reporter-output>
  </reporter-output>
  <suite started-at="2024-01-10T16:33:25 IST" name="Default suite" finished-at="2024-01-10T16:33:28 IST" duration-ms="3089">
    <groups>
    </groups>
    <test started-at="2024-01-10T16:33:25 IST" name="Default test" finished-at="2024-01-10T16:33:28 IST" duration-ms="3089">
      <class name="com.testautomation.apitesting.tests.BasicAuth">
        <test-method signature="basicAuthAPITest()[pri:0, instance:com.testautomation.apitesting.tests.BasicAuth@160c3ec1]" started-at="2024-01-10T16:33:25 IST" name="basicAuthAPITest" finished-at="2024-01-10T16:33:28 IST" duration-ms="2902" status="PASS">
          <reporter-output>
          </reporter-output>
        </test-method> <!-- basicAuthAPITest -->
      </class> <!-- com.testautomation.apitesting.tests.BasicAuth -->
    </test> <!-- Default test -->
  </suite> <!-- Default suite -->
</testng-results>
